<?xml version="1.0" encoding="UTF-8"?>
<!-- Generated by org.testng.reporters.JUnitReportReporter -->
<testsuite skipped="0" hostname="BCTCL-HP34912" name="Framework.NavBarTest" tests="1" failures="0" timestamp="2022-05-23T13:04:38 IST" time="0.022" errors="0">
  <testcase name="navBarText" time="0.022" classname="Framework.NavBarTest"/>
  <system-out/>
</testsuite> <!-- Framework.NavBarTest -->
