<?xml version="1.0" encoding="UTF-8"?>
<!-- Generated by org.testng.reporters.JUnitReportReporter -->
<testsuite skipped="0" hostname="BCTCL-HP34912" name="Framework.ValidatingTest" tests="1" failures="0" timestamp="2022-05-23T13:04:38 IST" time="0.047" errors="0">
  <testcase name="validateText" time="0.047" classname="Framework.ValidatingTest"/>
  <system-out/>
</testsuite> <!-- Framework.ValidatingTest -->
